<?xml version="1.0" encoding="UTF-8"?>
<testsuite xmlns:xsi="http://www.w3.org/2001/XMLSchema-instance" xsi:noNamespaceSchemaLocation="https://maven.apache.org/surefire/maven-surefire-plugin/xsd/surefire-test-report-3.0.xsd" version="3.0" name="pl.pjatk.kprusak.RentalServiceApplicationTests" time="1.507" tests="1" errors="0" skipped="0" failures="0">
  <properties>
[...]
</properties>
  <testcase name="contextLoads" classname="pl.pjatk.kprusak.RentalServiceApplicationTests" time="0.44">
    <system-out><![CDATA[21:10:30.873 [main] INFO org.springframework.test.context.support.AnnotationConfigContextLoaderUtils -- Could not detect default configuration classes for test class [pl.pjatk.kprusak.RentalServiceApplicationTests]: RentalServiceApplicationTests does not declare any static, non-private, non-final, nested classes annotated with @Configuration.
21:10:30.919 [main] INFO org.springframework.boot.test.context.SpringBootTestContextBootstrapper -- Found @SpringBootConfiguration pl.pjatk.kprusak.RentalServiceApplication for test class pl.pjatk.kprusak.RentalServiceApplicationTests
  .   ____          _            __ _ _
 /\\ / ___'_ __ _ _(_)_ __  __ _ \ \ \ \
( ( )\___ | '_ | '_| | '_ \/ _` | \ \ \ \
 \\/  ___)| |_)| | | | | || (_| |  ) ) ) )
  '  |____| .__|_| |_|_| |_\__, | / / / /
 =========|_|==============|___/=/_/_/_/

 :: Spring Boot ::                (v3.3.0)

2024-06-06T21:10:31.100+02:00  INFO 9383 --- [RentalService] [           main] p.p.k.RentalServiceApplicationTests      : Starting RentalServiceApplicationTests using Java 21.0.3 with PID 9383 (started by bartas058 in /Users/bartas058/Desktop/Studia/JAZ/RentalService)
2024-06-06T21:10:31.100+02:00  INFO 9383 --- [RentalService] [           main] p.p.k.RentalServiceApplicationTests      : No active profile set, falling back to 1 default profile: "default"
2024-06-06T21:10:31.843+02:00  INFO 9383 --- [RentalService] [           main] p.p.k.RentalServiceApplicationTests      : Started RentalServiceApplicationTests in 0.866 seconds (process running for 1.3)
]]></system-out>
    <system-err><![CDATA[WARNING: A Java agent has been loaded dynamically (/Users/bartas058/.m2/repository/net/bytebuddy/byte-buddy-agent/1.14.16/byte-buddy-agent-1.14.16.jar)
WARNING: If a serviceability tool is in use, please run with -XX:+EnableDynamicAgentLoading to hide this warning
WARNING: If a serviceability tool is not in use, please run with -Djdk.instrument.traceUsage for more information
WARNING: Dynamic loading of agents will be disallowed by default in a future release
]]></system-err>
  </testcase>
</testsuite>